ncsim: 05.00-p001: (c) Copyright 1995-2003 Cadence Design Systems, Inc.
//////////////////////////////////////////////////////////////////////
////                                                                  
////     $ip_32W_gen  is used to generate stimulus with 32bit         
////     width ip packet data flow.                                   
////     The only parameter is config.ini file that is used to        
////     control the generated packet data flow.                      
////                                                                  
//////////////////////////////////////////////////////////////////////
//////////////////////////////////////////////////////////////////////
////     StartOfSim callback printing info                           
//////////////////////////////////////////////////////////////////////
ncsim> run

the NO. 0001 IP Length is:0046 CRC-32check OK!
the NO. 0002 IP Length is:0047 CRC-32check OK!
the NO. 0003 IP Length is:0048 CRC-32check OK!
the NO. 0004 IP Length is:0049 CRC-32check OK!
the NO. 0005 IP Length is:0050 CRC-32check OK!
the NO. 0006 IP Length is:0051 CRC-32check OK!
the NO. 0007 IP Length is:0052 CRC-32check OK!
the NO. 0008 IP Length is:0053 CRC-32check OK!
the NO. 0009 IP Length is:0054 CRC-32check OK!
the NO. 000a IP Length is:0055 CRC-32check OK!
the NO. 000b IP Length is:0056 CRC-32check OK!
the NO. 000c IP Length is:0057 CRC-32check OK!
the NO. 000d IP Length is:0058 CRC-32check OK!
the NO. 000e IP Length is:0059 CRC-32check OK!
the NO. 000f IP Length is:0060 CRC-32check OK!
the NO. 0010 IP Length is:0061 CRC-32check OK!
the NO. 0011 IP Length is:0062 CRC-32check OK!
the NO. 0012 IP Length is:0063 CRC-32check OK!
the NO. 0013 IP Length is:0064 CRC-32check OK!
the NO. 0014 IP Length is:0065 CRC-32check OK!
the NO. 0015 IP Length is:0066 CRC-32check OK!
the NO. 0016 IP Length is:0067 CRC-32check OK!
the NO. 0017 IP Length is:0068 CRC-32check OK!
the NO. 0018 IP Length is:0069 CRC-32check OK!
the NO. 0019 IP Length is:0070 CRC-32check OK!
the NO. 001a IP Length is:0071 CRC-32check OK!
the NO. 001b IP Length is:0072 CRC-32check OK!
the NO. 001c IP Length is:0073 CRC-32check OK!
the NO. 001d IP Length is:0074 CRC-32check OK!
the NO. 001e IP Length is:0075 CRC-32check OK!
the NO. 001f IP Length is:0076 CRC-32check OK!
the NO. 0020 IP Length is:0077 CRC-32check OK!
the NO. 0021 IP Length is:0078 CRC-32check OK!
the NO. 0022 IP Length is:0079 CRC-32check OK!
the NO. 0023 IP Length is:0080 CRC-32check OK!
the NO. 0024 IP Length is:0081 CRC-32check OK!
the NO. 0025 IP Length is:0082 CRC-32check OK!
the NO. 0026 IP Length is:0083 CRC-32check OK!
the NO. 0027 IP Length is:0084 CRC-32check OK!
the NO. 0028 IP Length is:0085 CRC-32check OK!
the NO. 0029 IP Length is:0086 CRC-32check OK!
the NO. 002a IP Length is:0087 CRC-32check OK!
the NO. 002b IP Length is:0088 CRC-32check OK!
the NO. 002c IP Length is:0089 CRC-32check OK!
the NO. 002d IP Length is:0090 CRC-32check OK!
the NO. 002e IP Length is:0091 CRC-32check OK!
the NO. 002f IP Length is:0092 CRC-32check OK!
the NO. 0030 IP Length is:0093 CRC-32check OK!
the NO. 0031 IP Length is:0094 CRC-32check OK!
the NO. 0032 IP Length is:0095 CRC-32check OK!
the NO. 0033 IP Length is:0096 CRC-32check OK!
the NO. 0034 IP Length is:0097 CRC-32check OK!
the NO. 0035 IP Length is:0098 CRC-32check OK!
the NO. 0036 IP Length is:0099 CRC-32check OK!
the NO. 0037 IP Length is:0100 CRC-32check OK!
the NO. 0038 IP Length is:0101 CRC-32check OK!
the NO. 0039 IP Length is:0102 CRC-32check OK!
the NO. 003a IP Length is:0103 CRC-32check OK!
the NO. 003b IP Length is:0104 CRC-32check OK!
the NO. 003c IP Length is:0105 CRC-32check OK!
the NO. 003d IP Length is:0106 CRC-32check OK!
the NO. 003e IP Length is:0107 CRC-32check OK!
the NO. 003f IP Length is:0108 CRC-32check OK!
the NO. 0040 IP Length is:0109 CRC-32check OK!
the NO. 0041 IP Length is:0110 CRC-32check OK!
the NO. 0042 IP Length is:0111 CRC-32check OK!
the NO. 0043 IP Length is:0112 CRC-32check OK!
the NO. 0044 IP Length is:0113 CRC-32check OK!
the NO. 0045 IP Length is:0114 CRC-32check OK!
the NO. 0046 IP Length is:0115 CRC-32check OK!
the NO. 0047 IP Length is:0116 CRC-32check OK!
the NO. 0048 IP Length is:0117 CRC-32check OK!
the NO. 0049 IP Length is:0118 CRC-32check OK!
the NO. 004a IP Length is:0119 CRC-32check OK!
the NO. 004b IP Length is:0120 CRC-32check OK!
the NO. 004c IP Length is:0121 CRC-32check OK!
the NO. 004d IP Length is:0122 CRC-32check OK!
the NO. 004e IP Length is:0123 CRC-32check OK!
the NO. 004f IP Length is:0124 CRC-32check OK!
the NO. 0050 IP Length is:0125 CRC-32check OK!
the NO. 0051 IP Length is:0126 CRC-32check OK!
the NO. 0052 IP Length is:0127 CRC-32check OK!
the NO. 0053 IP Length is:0128 CRC-32check OK!
the NO. 0054 IP Length is:0129 CRC-32check OK!
the NO. 0055 IP Length is:0130 CRC-32check OK!
the NO. 0056 IP Length is:0131 CRC-32check OK!
the NO. 0057 IP Length is:0132 CRC-32check OK!
the NO. 0058 IP Length is:0133 CRC-32check OK!
the NO. 0059 IP Length is:0134 CRC-32check OK!
the NO. 005a IP Length is:0135 CRC-32check OK!
the NO. 005b IP Length is:0136 CRC-32check OK!
the NO. 005c IP Length is:0137 CRC-32check OK!
the NO. 005d IP Length is:0138 CRC-32check OK!
the NO. 005e IP Length is:0139 CRC-32check OK!
the NO. 005f IP Length is:0140 CRC-32check OK!
the NO. 0060 IP Length is:0141 CRC-32check OK!
the NO. 0061 IP Length is:0142 CRC-32check OK!
the NO. 0062 IP Length is:0143 CRC-32check OK!
the NO. 0063 IP Length is:0144 CRC-32check OK!
the NO. 0064 IP Length is:0145 CRC-32check OK!
the NO. 0065 IP Length is:0146 CRC-32check OK!
the NO. 0066 IP Length is:0147 CRC-32check OK!
the NO. 0067 IP Length is:0148 CRC-32check OK!
the NO. 0068 IP Length is:0149 CRC-32check OK!
the NO. 0069 IP Length is:0150 CRC-32check OK!
the NO. 006a IP Length is:0151 CRC-32check OK!
the NO. 006b IP Length is:0152 CRC-32check OK!
the NO. 006c IP Length is:0153 CRC-32check OK!
the NO. 006d IP Length is:0154 CRC-32check OK!
the NO. 006e IP Length is:0155 CRC-32check OK!
the NO. 006f IP Length is:0156 CRC-32check OK!
the NO. 0070 IP Length is:0157 CRC-32check OK!
the NO. 0071 IP Length is:0158 CRC-32check OK!
the NO. 0072 IP Length is:0159 CRC-32check OK!
the NO. 0073 IP Length is:0160 CRC-32check OK!
the NO. 0074 IP Length is:0161 CRC-32check OK!
the NO. 0075 IP Length is:0162 CRC-32check OK!
the NO. 0076 IP Length is:0163 CRC-32check OK!
the NO. 0077 IP Length is:0164 CRC-32check OK!
the NO. 0078 IP Length is:0165 CRC-32check OK!
the NO. 0079 IP Length is:0166 CRC-32check OK!
the NO. 007a IP Length is:0167 CRC-32check OK!
the NO. 007b IP Length is:0168 CRC-32check OK!
the NO. 007c IP Length is:0169 CRC-32check OK!
the NO. 007d IP Length is:0170 CRC-32check OK!
the NO. 007e IP Length is:0171 CRC-32check OK!
the NO. 007f IP Length is:0172 CRC-32check OK!
the NO. 0080 IP Length is:0173 CRC-32check OK!
the NO. 0081 IP Length is:0174 CRC-32check OK!
the NO. 0082 IP Length is:0175 CRC-32check OK!
the NO. 0083 IP Length is:0176 CRC-32check OK!
the NO. 0084 IP Length is:0177 CRC-32check OK!
the NO. 0085 IP Length is:0178 CRC-32check OK!
the NO. 0086 IP Length is:0179 CRC-32check OK!
the NO. 0087 IP Length is:0180 CRC-32check OK!
the NO. 0088 IP Length is:0181 CRC-32check OK!
the NO. 0089 IP Length is:0182 CRC-32check OK!
the NO. 008a IP Length is:0183 CRC-32check OK!
the NO. 008b IP Length is:0184 CRC-32check OK!
the NO. 008c IP Length is:0185 CRC-32check OK!
the NO. 008d IP Length is:0186 CRC-32check OK!
the NO. 008e IP Length is:0187 CRC-32check OK!
the NO. 008f IP Length is:0188 CRC-32check OK!
the NO. 0090 IP Length is:0189 CRC-32check OK!
the NO. 0091 IP Length is:0190 CRC-32check OK!
the NO. 0092 IP Length is:0191 CRC-32check OK!
the NO. 0093 IP Length is:0192 CRC-32check OK!
the NO. 0094 IP Length is:0193 CRC-32check OK!
the NO. 0095 IP Length is:0194 CRC-32check OK!
the NO. 0096 IP Length is:0195 CRC-32check OK!
the NO. 0097 IP Length is:0196 CRC-32check OK!
the NO. 0098 IP Length is:0197 CRC-32check OK!
the NO. 0099 IP Length is:0198 CRC-32check OK!
the NO. 009a IP Length is:0199 CRC-32check OK!
the NO. 009b IP Length is:0200 CRC-32check OK!
the NO. 009c IP Length is:0201 CRC-32check OK!
the NO. 009d IP Length is:0202 CRC-32check OK!
the NO. 009e IP Length is:0203 CRC-32check OK!
the NO. 009f IP Length is:0204 CRC-32check OK!
the NO. 00a0 IP Length is:0205 CRC-32check OK!
the NO. 00a1 IP Length is:0206 CRC-32check OK!
the NO. 00a2 IP Length is:0207 CRC-32check OK!
the NO. 00a3 IP Length is:0208 CRC-32check OK!
the NO. 00a4 IP Length is:0209 CRC-32check OK!
the NO. 00a5 IP Length is:0210 CRC-32check OK!
the NO. 00a6 IP Length is:0211 CRC-32check OK!
the NO. 00a7 IP Length is:0212 CRC-32check OK!
the NO. 00a8 IP Length is:0213 CRC-32check OK!
the NO. 00a9 IP Length is:0214 CRC-32check OK!
the NO. 00aa IP Length is:0215 CRC-32check OK!
the NO. 00ab IP Length is:0216 CRC-32check OK!
the NO. 00ac IP Length is:0217 CRC-32check OK!
the NO. 00ad IP Length is:0218 CRC-32check OK!
the NO. 00ae IP Length is:0219 CRC-32check OK!
the NO. 00af IP Length is:0220 CRC-32check OK!
the NO. 00b0 IP Length is:0221 CRC-32check OK!
the NO. 00b1 IP Length is:0222 CRC-32check OK!
the NO. 00b2 IP Length is:0223 CRC-32check OK!
the NO. 00b3 IP Length is:0224 CRC-32check OK!
the NO. 00b4 IP Length is:0225 CRC-32check OK!
the NO. 00b5 IP Length is:0226 CRC-32check OK!
the NO. 00b6 IP Length is:0227 CRC-32check OK!
the NO. 00b7 IP Length is:0228 CRC-32check OK!
the NO. 00b8 IP Length is:0229 CRC-32check OK!
the NO. 00b9 IP Length is:0230 CRC-32check OK!
the NO. 00ba IP Length is:0231 CRC-32check OK!
the NO. 00bb IP Length is:0232 CRC-32check OK!
the NO. 00bc IP Length is:0233 CRC-32check OK!
the NO. 00bd IP Length is:0234 CRC-32check OK!
the NO. 00be IP Length is:0235 CRC-32check OK!
the NO. 00bf IP Length is:0236 CRC-32check OK!
the NO. 00c0 IP Length is:0237 CRC-32check OK!
the NO. 00c1 IP Length is:0238 CRC-32check OK!
the NO. 00c2 IP Length is:0239 CRC-32check OK!
the NO. 00c3 IP Length is:0240 CRC-32check OK!
the NO. 00c4 IP Length is:0241 CRC-32check OK!
the NO. 00c5 IP Length is:0242 CRC-32check OK!
the NO. 00c6 IP Length is:0243 CRC-32check OK!
the NO. 00c7 IP Length is:0244 CRC-32check OK!
the NO. 00c8 IP Length is:0245 CRC-32check OK!
the NO. 00c9 IP Length is:0246 CRC-32check OK!
the NO. 00ca IP Length is:0247 CRC-32check OK!
the NO. 00cb IP Length is:0248 CRC-32check OK!
the NO. 00cc IP Length is:0249 CRC-32check OK!
the NO. 00cd IP Length is:0250 CRC-32check OK!
the NO. 00ce IP Length is:0251 CRC-32check OK!
the NO. 00cf IP Length is:0252 CRC-32check OK!
the NO. 00d0 IP Length is:0253 CRC-32check OK!
the NO. 00d1 IP Length is:0254 CRC-32check OK!
the NO. 00d2 IP Length is:0255 CRC-32check OK!
the NO. 00d3 IP Length is:0256 CRC-32check OK!
the NO. 00d4 IP Length is:0257 CRC-32check OK!
the NO. 00d5 IP Length is:0258 CRC-32check OK!
the NO. 00d6 IP Length is:0259 CRC-32check OK!
the NO. 00d7 IP Length is:0260 CRC-32check OK!
the NO. 00d8 IP Length is:0261 CRC-32check OK!
the NO. 00d9 IP Length is:0262 CRC-32check OK!
the NO. 00da IP Length is:0263 CRC-32check OK!
the NO. 00db IP Length is:0264 CRC-32check OK!
the NO. 00dc IP Length is:0265 CRC-32check OK!
the NO. 00dd IP Length is:0266 CRC-32check OK!
the NO. 00de IP Length is:0267 CRC-32check OK!
the NO. 00df IP Length is:0268 CRC-32check OK!
the NO. 00e0 IP Length is:0269 CRC-32check OK!
the NO. 00e1 IP Length is:0270 CRC-32check OK!
the NO. 00e2 IP Length is:0271 CRC-32check OK!
the NO. 00e3 IP Length is:0272 CRC-32check OK!
the NO. 00e4 IP Length is:0273 CRC-32check OK!
the NO. 00e5 IP Length is:0274 CRC-32check OK!
the NO. 00e6 IP Length is:0275 CRC-32check OK!Simulation interrupted at 367372 NS + 0
ncsim> exit
