Drill Listing
=============
Drill: 12  Tool: 1  Feed: 95  Speed: 300
X 162000  Y 149000
X 162500  Y 309000
X 155000  Y 315500
X 155000  Y 330500
X 136500  Y 359500
X 135000  Y 383500
X 162500  Y 492500
X 160500  Y 496500
X 160000  Y 500000
X 157500  Y 502000
X 156000  Y 573000
X 158000  Y 602000
X 161500  Y 603000
X 177500  Y 608000
X 185500  Y 605000
X 181000  Y 605000
X 173500  Y 604500
X 189500  Y 604000
X 166000  Y 604000
X 169500  Y 602500
X 170000  Y 573500
X 177500  Y 573500
X 173500  Y 573500
X 189500  Y 572500
X 186500  Y 520500
X 185500  Y 511500
X 165500  Y 496500
X 171500  Y 491500
X 172500  Y 479000
X 179500  Y 473500
X 174500  Y 471500
X 172500  Y 469000
X 170000  Y 466000
X 168500  Y 463500
X 175500  Y 458500
X 186000  Y 455000
X 186500  Y 449500
X 174500  Y 341000
X 177500  Y 337000
X 170000  Y 323500
X 188500  Y 323000
X 189500  Y 309000
X 181500  Y 308500
X 174000  Y 308500
X 169500  Y 307500
X 177500  Y 307000
X 165500  Y 307000
X 185000  Y 307000
X 180000  Y 235000
X 168000  Y 235000
X 180000  Y 222500
X 168000  Y 222000
X 180000  Y 215000
X 169000  Y 210500
X 180000  Y 207500
X 180000  Y 197500
X 184000  Y 197000
X 169500  Y 194500
X 169000  Y 179000
X 185000  Y 179000
X 170000  Y 165000
X 187000  Y 165000
X 179000  Y 149000
X 169000  Y 134000
X 186000  Y 134000
X 186000  Y 121000
X 169000  Y 121000
X 205000  Y 121000
X 204000  Y 134000
X 195000  Y 149000
X 214000  Y 149000
X 204000  Y 164000
X 202000  Y 179000
X 202500  Y 197500
X 210000  Y 197500
X 192500  Y 197500
X 190000  Y 202500
X 205000  Y 205000
X 190000  Y 210000
X 205000  Y 215000
X 190000  Y 217500
X 205000  Y 222500
X 197500  Y 222500
X 190000  Y 222500
X 202500  Y 235000
X 190000  Y 235000
X 203500  Y 244500
X 195000  Y 253000
X 211000  Y 253000
X 210500  Y 299000
X 209772  Y 305030
X 212578  Y 306704
X 201000  Y 309000
X 193500  Y 309000
X 193500  Y 323500
X 201500  Y 324000
X 213000  Y 341500
X 199000  Y 345500
X 193000  Y 346000
X 191000  Y 353000
X 194000  Y 362500
X 191500  Y 369000
X 191500  Y 382000
X 205000  Y 420000
X 204000  Y 423500
X 205000  Y 445500
X 205500  Y 453000
X 206000  Y 458500
X 206000  Y 470000
X 204000  Y 473000
X 205000  Y 486000
X 198000  Y 506000
X 210500  Y 508000
X 200500  Y 565000
X 196500  Y 567500
X 210000  Y 587000
X 213000  Y 602500
X 210500  Y 606000
X 196000  Y 608000
X 200500  Y 609000
X 233500  Y 701000
X 238000  Y 701000
X 238000  Y 688000
X 228500  Y 604000
X 231500  Y 603500
X 221500  Y 602500
X 237500  Y 602500
X 217000  Y 602000
X 227000  Y 589000
X 237000  Y 511000
X 226000  Y 504500
X 237500  Y 504500
X 237500  Y 490000
X 226877  Y 489847
X 220000  Y 485000
X 220000  Y 476000
X 220000  Y 470000
X 237500  Y 463500
X 220500  Y 460000
X 220000  Y 453000
X 238000  Y 453000
X 220500  Y 445000
X 237500  Y 442500
X 217000  Y 438000
X 217500  Y 433500
X 221500  Y 432000
X 219500  Y 425000
X 219000  Y 421500
X 238000  Y 418000
X 236000  Y 355000
X 232000  Y 354000
X 229000  Y 352500
X 226000  Y 352000
X 224500  Y 348500
X 220500  Y 347500
X 217000  Y 347000
X 215000  Y 344000
X 221000  Y 322500
X 234500  Y 309000
X 231000  Y 309000
X 228000  Y 307500
X 217000  Y 307000
X 225000  Y 305500
X 227500  Y 298000
X 230000  Y 250000
X 229500  Y 243500
X 217500  Y 235000
X 227500  Y 232500
X 215000  Y 222500
X 227500  Y 222500
X 227500  Y 215000
X 215000  Y 215000
X 215000  Y 205000
X 227500  Y 205000
X 217500  Y 197500
X 230000  Y 197500
X 236000  Y 179000
X 219000  Y 179000
X 223000  Y 164000
X 232000  Y 149000
X 224000  Y 134000
X 224000  Y 121000
X 258000  Y 121000
X 241000  Y 121000
X 258000  Y 134000
X 241000  Y 134000
X 253000  Y 149000
X 261000  Y 164000
X 241000  Y 164000
X 251000  Y 179000
X 240000  Y 197500
X 252500  Y 197500
X 240000  Y 207500
X 252500  Y 207500
X 240000  Y 217500
X 252500  Y 217500
X 240000  Y 225000
X 252500  Y 227500
X 257500  Y 235000
X 240000  Y 237500
X 252500  Y 242500
X 255000  Y 250000
X 240500  Y 288500
X 248000  Y 288500
X 240500  Y 302500
X 248000  Y 302500
X 252500  Y 304600
X 255800  Y 305500
X 244500  Y 308000
X 261500  Y 309000
X 252500  Y 322500
X 248500  Y 322500
X 248500  Y 356000
X 252000  Y 358500
X 255500  Y 360500
X 258500  Y 362500
X 261500  Y 365000
X 260800  Y 404200
X 251500  Y 405500
X 257000  Y 405500
X 260800  Y 416200
X 244000  Y 417000
X 253000  Y 419000
X 244500  Y 420500
X 254500  Y 423500
X 250000  Y 424000
X 259200  Y 429600
X 260000  Y 435500
X 253000  Y 436000
X 263500  Y 445500
X 256500  Y 446000
X 251000  Y 446000
X 261500  Y 453000
X 252500  Y 463000
X 250000  Y 472000
X 257500  Y 483500
X 262500  Y 489500
X 246500  Y 490000
X 251500  Y 490000
X 255500  Y 490000
X 251000  Y 503000
X 264500  Y 504000
X 252500  Y 602000
X 264500  Y 602500
X 260300  Y 603000
X 244500  Y 603000
X 248500  Y 603000
X 256400  Y 603500
X 251500  Y 609500
X 256000  Y 637000
X 264000  Y 643000
X 243500  Y 647500
X 251500  Y 659600
X 251500  Y 663700
X 253000  Y 688200
X 253000  Y 701000
X 264000  Y 701000
X 248500  Y 701000
X 268500  Y 701000
X 284000  Y 701000
X 279000  Y 701000
X 284000  Y 688000
X 269300  Y 687700
X 289600  Y 656300
X 289700  Y 653700
X 289600  Y 651200
X 289500  Y 613000
X 281200  Y 612400
X 269000  Y 602500
X 283000  Y 595600
X 282500  Y 580500
X 269000  Y 503500
X 273000  Y 494000
X 278000  Y 484500
X 266000  Y 482000
X 266000  Y 474500
X 280000  Y 474500
X 266000  Y 462500
X 265000  Y 456500
X 266500  Y 432000
X 267000  Y 426000
X 280500  Y 420500
X 284500  Y 420000
X 266200  Y 418600
X 278000  Y 417000
X 276000  Y 411500
X 287000  Y 406000
X 265500  Y 405500
X 268000  Y 367000
X 272100  Y 323500
X 280000  Y 323500
X 268000  Y 309000
X 280000  Y 309000
X 286000  Y 308500
X 265500  Y 284500
X 280500  Y 281000
X 270500  Y 244500
X 277500  Y 235000
X 267500  Y 235000
X 277500  Y 227500
X 267500  Y 225000
X 267500  Y 217500
X 280000  Y 217500
X 282500  Y 207500
X 267500  Y 207500
X 280000  Y 197500
X 265000  Y 197500
X 285000  Y 179000
X 267000  Y 179000
X 280000  Y 164000
X 288000  Y 149000
X 272000  Y 149000
X 274000  Y 134000
X 274000  Y 121000
X 309000  Y 120000
X 292000  Y 120000
X 308000  Y 134000
X 292000  Y 134000
X 305000  Y 148000
X 300000  Y 164000
X 300000  Y 179000
X 301000  Y 195500
X 290000  Y 197500
X 301000  Y 205000
X 290000  Y 207500
X 300500  Y 214500
X 290000  Y 217500
X 290000  Y 227500
X 290500  Y 419000
X 295000  Y 421000
X 297000  Y 478000
X 302500  Y 627300
X 310500  Y 632500
X 298000  Y 634600
X 304500  Y 639500
X 311300  Y 644000
X 290500  Y 645000
X 304000  Y 645000
X 304500  Y 655400
X 310100  Y 660000
X 290000  Y 660000
X 294500  Y 670900
X 310000  Y 671000
X 304500  Y 675500
X 314400  Y 687200
X 299000  Y 687400
X 299000  Y 700700
X 310000  Y 700800
X 294500  Y 700800
X 314500  Y 701100
X 329500  Y 701100
X 325000  Y 700800
X 329600  Y 687400
X 333400  Y 672700
X 316900  Y 672700
X 315000  Y 670000
X 317400  Y 667900
X 332500  Y 667500
X 333500  Y 664000
X 317500  Y 660200
X 334000  Y 660000
X 331500  Y 658500
X 335500  Y 657000
X 316900  Y 653000
X 327500  Y 649500
X 321600  Y 649000
X 316000  Y 648800
X 339000  Y 645400
X 332400  Y 644000
X 316000  Y 638900
X 330400  Y 635500
X 316600  Y 635500
X 339000  Y 631600
X 335500  Y 610500
X 329000  Y 605000
X 337000  Y 578200
X 333400  Y 577000
X 330400  Y 575800
X 326200  Y 574000
X 339500  Y 407000
X 334500  Y 405000
X 338000  Y 403000
X 339500  Y 398500
X 320000  Y 207000
X 319000  Y 194000
X 318000  Y 179000
X 319000  Y 163000
X 320000  Y 147000
X 320000  Y 134000
X 321000  Y 119000
X 363000  Y 287000
X 341500  Y 310000
X 341500  Y 313000
X 362500  Y 372000
X 360000  Y 374500
X 357500  Y 376500
X 355000  Y 378500
X 352500  Y 380500
X 363500  Y 395500
X 341500  Y 396000
X 341000  Y 401000
X 355000  Y 409000
X 354000  Y 416000
X 354000  Y 436500
X 342000  Y 446000
X 355000  Y 447000
X 354500  Y 454500
X 359000  Y 455500
X 341500  Y 460000
X 357000  Y 460000
X 341500  Y 465000
X 358500  Y 469000
X 341500  Y 471500
X 358000  Y 473500
X 360000  Y 482000
X 355500  Y 493500
X 355000  Y 498000
X 364000  Y 532000
X 363500  Y 535500
X 358000  Y 537500
X 354500  Y 540000
X 352000  Y 542000
X 355500  Y 544000
X 352500  Y 546000
X 351400  Y 578200
X 340600  Y 578800
X 344800  Y 580000
X 347800  Y 580000
X 355000  Y 616000
X 361700  Y 628200
X 353000  Y 631000
X 346500  Y 631600
X 350000  Y 645500
X 364000  Y 646000
X 353500  Y 649200
X 344400  Y 649300
X 349100  Y 649700
X 363100  Y 656100
X 354900  Y 657100
X 349000  Y 658000
X 352000  Y 658000
X 345500  Y 658000
X 355000  Y 660000
X 349000  Y 660500
X 352000  Y 660500
X 345500  Y 660500
X 364000  Y 662700
X 355000  Y 663500
X 352000  Y 663500
X 349000  Y 663500
X 345500  Y 663500
X 345500  Y 667500
X 355000  Y 667500
X 349000  Y 667500
X 352000  Y 667500
X 344800  Y 687400
X 356900  Y 687400
X 355500  Y 700700
X 360000  Y 700800
X 344600  Y 700900
X 340000  Y 700900
X 388000  Y 702500
X 371000  Y 700800
X 376000  Y 700700
X 380900  Y 697100
X 380200  Y 691900
X 366000  Y 687700
X 379000  Y 664000
X 378500  Y 655000
X 378000  Y 647000
X 366500  Y 631500
X 369000  Y 573000
X 371000  Y 570500
X 374500  Y 569000
X 377000  Y 567500
X 380000  Y 566000
X 383000  Y 565000
X 387000  Y 562500
X 385000  Y 558500
X 389000  Y 546000
X 373000  Y 527500
X 370000  Y 515000
X 378500  Y 514000
X 385500  Y 512000
X 371000  Y 505000
X 365000  Y 505000
X 388000  Y 410000
X 382000  Y 410000
X 367000  Y 407500
X 373000  Y 407000
X 385000  Y 402500
X 377000  Y 401500
X 372500  Y 399500
X 367100  Y 399000
X 372500  Y 382500
X 387500  Y 382000
X 370500  Y 377500
X 374500  Y 376000
X 368500  Y 375000
X 366500  Y 372000
X 372500  Y 367500
X 374500  Y 365000
X 387500  Y 363500
X 384500  Y 362000
X 375500  Y 360500
X 385500  Y 348500
X 365500  Y 346500
X 388500  Y 346000
X 384500  Y 345000
X 382500  Y 342500
X 380000  Y 340500
X 365500  Y 340500
X 381000  Y 326500
X 378500  Y 323000
X 378000  Y 316000
X 366000  Y 304000
X 382500  Y 288500
X 378000  Y 288500
X 369000  Y 277000
X 386500  Y 275250
X 372500  Y 246000
X 369000  Y 226500
X 397500  Y 226000
X 394500  Y 246000
X 392750  Y 275250
X 413000  Y 279250
X 408500  Y 286500
X 395500  Y 287750
X 397500  Y 306000
X 400500  Y 308000
X 401000  Y 311000
X 403500  Y 315500
X 409500  Y 317500
X 413000  Y 320000
X 412000  Y 338500
X 394500  Y 347500
X 413500  Y 349000
X 398000  Y 349500
X 398500  Y 361000
X 390500  Y 361500
X 414500  Y 362000
X 409000  Y 370000
X 414000  Y 372500
X 408500  Y 380500
X 391000  Y 381000
X 399000  Y 381000
X 394500  Y 381000
X 408000  Y 395000
X 396500  Y 395500
X 392000  Y 395500
X 404000  Y 397500
X 402000  Y 400000
X 412447  Y 401074
X 405000  Y 402500
X 399000  Y 402500
X 393000  Y 411500
X 395500  Y 511500
X 401500  Y 512000
X 413000  Y 513000
X 396500  Y 514500
X 390500  Y 514500
X 414250  Y 530750
X 409500  Y 531000
X 405000  Y 532000
X 401500  Y 535500
X 399000  Y 537500
X 396500  Y 540000
X 394000  Y 542000
X 391500  Y 544000
X 391000  Y 549500
X 409500  Y 559000
X 413500  Y 560000
X 391000  Y 560000
X 396000  Y 561000
X 401000  Y 571000
X 393500  Y 571000
X 406500  Y 572000
X 401500  Y 575500
X 397500  Y 575500
X 406500  Y 576000
X 401500  Y 580000
X 391000  Y 580000
X 406500  Y 580000
X 397500  Y 580000
X 412000  Y 599000
X 406000  Y 599000
X 406000  Y 606000
X 412000  Y 606000
X 397000  Y 607000
X 391400  Y 663400
X 393000  Y 703000
X 429500  Y 606500
X 438000  Y 599500
X 422500  Y 598000
X 421500  Y 574000
X 437000  Y 574000
X 429500  Y 565000
X 415000  Y 553000
X 419000  Y 546500
X 420500  Y 542000
X 433000  Y 538500
X 427000  Y 529000
X 437000  Y 528500
X 419000  Y 528000
X 422500  Y 528000
X 437000  Y 514000
X 425500  Y 510500
X 435500  Y 431500
X 423500  Y 428500
X 435500  Y 428000
X 432500  Y 427500
X 429000  Y 427000
X 416000  Y 426000
X 423000  Y 425000
X 419000  Y 424500
X 419500  Y 419500
X 416500  Y 413500
X 437500  Y 404000
X 433000  Y 399835
X 427940  Y 397382
X 431005  Y 395722
X 422000  Y 395500
X 435000  Y 395500
X 423500  Y 383000
X 429248  Y 379818
X 432907  Y 378427
X 422715  Y 373356
X 425768  Y 372935
X 419547  Y 371670
X 431500  Y 371500
X 427645  Y 362703
X 418500  Y 361500
X 425397  Y 349215
X 432857  Y 348602
X 425500  Y 342000
X 428500  Y 340000
X 426000  Y 338000
X 430500  Y 333000
X 432000  Y 330500
X 431500  Y 301000
X 425500  Y 300000
X 426500  Y 287500
X 415000  Y 287000
X 426500  Y 273500
X 437000  Y 272000
X 439500  Y 237000
X 449000  Y 228500
X 456500  Y 237000
X 460500  Y 250000
X 441500  Y 261000
X 455500  Y 261000
X 460500  Y 265500
X 449000  Y 269000
X 457500  Y 274000
X 441500  Y 288500
X 457500  Y 288500
X 443000  Y 300000
X 448000  Y 300000
X 452500  Y 306000
X 446000  Y 312500
X 445000  Y 315500
X 463000  Y 316000
X 448000  Y 321000
X 464500  Y 323500
X 445000  Y 323500
X 445000  Y 326500
X 447500  Y 328000
X 447000  Y 333500
X 463000  Y 333500
X 451000  Y 344000
X 463500  Y 346000
X 447500  Y 361000
X 456500  Y 361500
X 442000  Y 363000
X 457000  Y 365500
X 463500  Y 366500
X 459000  Y 368500
X 440074  Y 380803
X 440000  Y 395500
X 447000  Y 395500
X 462000  Y 395500
X 459500  Y 398500
X 450500  Y 398500
X 440500  Y 399500
X 461500  Y 403000
X 447674  Y 403935
X 448500  Y 408000
X 450000  Y 430000
X 440500  Y 430000
X 453500  Y 430500
X 445500  Y 431000
X 442500  Y 433000
X 447000  Y 459500
X 448000  Y 465500
X 458500  Y 513500
X 450500  Y 514000
X 456000  Y 531000
X 451500  Y 531500
X 487000  Y 497000
X 474000  Y 495500
X 469000  Y 473500
X 473500  Y 469000
X 474000  Y 463000
X 466000  Y 456500
X 473500  Y 455500
X 487000  Y 454000
X 473000  Y 437000
X 473500  Y 417500
X 487000  Y 413500
X 465500  Y 369000
X 466500  Y 364500
X 468000  Y 361500
X 469500  Y 358500
X 472000  Y 356500
X 470500  Y 346500
X 470000  Y 326500
X 466000  Y 319000
X 472000  Y 305500
X 471500  Y 299500
X 486500  Y 267000
X 475500  Y 266500
X 468000  Y 264500
X 468000  Y 250000
X 501000  Y 249000
X 493500  Y 249500
X 501000  Y 265500
X 493500  Y 266000
X 527500  Y 277000
X 528500  Y 285500
X 528000  Y 292000
X 529000  Y 405000
X 529000  Y 411800
X 523000  Y 412000
X 525600  Y 416000
X 530900  Y 422700
X 502000  Y 442500
X 502500  Y 448500
X 498500  Y 469500
X 514500  Y 481000
X 507000  Y 483000
X 511500  Y 485000
X 515000  Y 487000
X 495500  Y 509000
X 501500  Y 511000
X 497500  Y 511500
X 505500  Y 513500
X 499500  Y 515000
X 553000  Y 613500
X 561500  Y 612000
X 548000  Y 603000
X 557800  Y 587200
X 553000  Y 587000
X 559500  Y 504000
X 553500  Y 440000
X 554000  Y 434000
X 547000  Y 430500
X 554000  Y 428000
X 540000  Y 423500
X 543500  Y 423000
X 548500  Y 418000
X 562000  Y 416000
X 542900  Y 412100
X 540000  Y 402000
X 546000  Y 401000
X 552500  Y 351000
X 559000  Y 349500
X 562500  Y 349500
X 555000  Y 348500
X 552000  Y 337000
X 550000  Y 322000
X 563000  Y 294000
X 556000  Y 293000
X 552500  Y 272000
X 583000  Y 272000
X 583000  Y 277000
X 583000  Y 282000
X 567500  Y 284500
X 583000  Y 287000
X 573700  Y 296500
X 569700  Y 299400
X 584000  Y 300500
X 565500  Y 307500
X 581500  Y 308000
X 577000  Y 321000
X 572500  Y 347500
X 582500  Y 347500
X 569000  Y 348500
X 576000  Y 348500
X 579500  Y 348500
X 565500  Y 348500
X 581500  Y 353000
X 569000  Y 410000
X 566000  Y 410000
X 583000  Y 411000
X 578500  Y 411000
X 580500  Y 422000
X 572000  Y 424000
X 586500  Y 426000
X 568000  Y 428000
X 568000  Y 432000
X 570000  Y 440000
X 569000  Y 446000
X 585500  Y 452500
X 579500  Y 457000
X 580000  Y 464500
X 580000  Y 470500
X 579500  Y 476000
X 579000  Y 481500
X 581000  Y 488000
X 565000  Y 489500
X 585000  Y 490500
X 578000  Y 490500
X 567000  Y 492000
X 571000  Y 493000
X 578000  Y 494000
X 588000  Y 495500
X 565500  Y 495500
X 573000  Y 496000
X 575700  Y 588700
X 571400  Y 589000
X 581496  Y 603000
X 589000  Y 603000
X 577500  Y 603500
X 567500  Y 611000
X 593000  Y 605000
X 609500  Y 603000
X 597500  Y 603000
X 612500  Y 602500
X 601500  Y 602500
X 605000  Y 588000
X 600000  Y 513500
X 599500  Y 496000
X 592500  Y 496000
X 590000  Y 493000
X 598000  Y 491000
X 601000  Y 491000
X 605000  Y 490000
X 614000  Y 489000
X 608100  Y 484500
X 614000  Y 483000
X 593000  Y 481500
X 607000  Y 481000
X 607500  Y 476000
X 593000  Y 476000
X 593000  Y 470500
X 592500  Y 464500
X 612000  Y 463500
X 598500  Y 458000
X 592500  Y 457000
X 612500  Y 454000
X 598000  Y 454000
X 614500  Y 449000
X 613000  Y 445000
X 613500  Y 439000
X 591500  Y 432500
X 614000  Y 428000
X 603000  Y 423500
X 591000  Y 422000
X 595000  Y 422000
X 607000  Y 411000
X 596000  Y 411000
X 606000  Y 344000
X 602000  Y 343000
X 600000  Y 340500
X 604500  Y 337500
X 601000  Y 336500
X 607500  Y 322500
X 604000  Y 322000
X 614000  Y 321500
X 595500  Y 321000
X 601500  Y 307500
X 597000  Y 307500
X 609000  Y 307500
X 608500  Y 302500
X 590500  Y 301000
X 605500  Y 300500
X 614500  Y 295500
X 620500  Y 305500
X 636500  Y 306500
X 632500  Y 306500
X 629000  Y 322000
X 621000  Y 336000
X 639000  Y 336000
X 633000  Y 336000
X 639000  Y 350000
X 633000  Y 350000
X 620000  Y 402500
X 620000  Y 406500
X 615000  Y 424000
X 615000  Y 432000
X 626000  Y 445000
X 626000  Y 453000
X 627000  Y 458500
X 615000  Y 460000
X 615500  Y 466000
X 615000  Y 470500
X 615000  Y 478000
X 627000  Y 488000
X 634000  Y 558500
X 628000  Y 559000
X 639000  Y 569000
X 617500  Y 570000
X 629000  Y 574000
X 637000  Y 574000
X 635000  Y 602000
X 618000  Y 602500
X 630000  Y 603000
X 627500  Y 613500
X 656000  Y 607000
X 652500  Y 605500
X 660500  Y 605500
X 648500  Y 604500
X 664500  Y 604000
X 645500  Y 603000
X 641000  Y 602000
X 660000  Y 587000
X 653000  Y 587000
X 656500  Y 573000
X 657000  Y 462000
X 656000  Y 458500
X 652500  Y 456000
X 648500  Y 453000
X 657500  Y 439500
X 645500  Y 439000
X 663000  Y 419500
X 657000  Y 419500
X 664000  Y 414000
X 661000  Y 412500
X 664000  Y 406500
X 653500  Y 341000
X 659000  Y 340000
X 656500  Y 322500
X 664000  Y 308000
X 652000  Y 307500
X 644500  Y 307500
X 660500  Y 307500
X 656000  Y 307000
X 648500  Y 306000
X 668000  Y 306500
X 672000  Y 321000
X 672000  Y 336000
X 676000  Y 370000
X 684500  Y 379500
X 684000  Y 403500
X 676000  Y 412000
X 666000  Y 421500
X 672000  Y 587000
X 673000  Y 602000
X 668500  Y 602500

Drill: 20  Tool: 2  Feed: 197  Speed: 550
X 219000  Y 276000
X 223500  Y 276000
X 214000  Y 276500
X 241000  Y 284000
X 251000  Y 284500
X 280200  Y 604000
X 275000  Y 604000
X 274000  Y 300500
X 274000  Y 294000
X 337000  Y 215500
X 332000  Y 215500
X 342800  Y 215500
X 542500  Y 299000
X 546400  Y 302800
X 556000  Y 603500

Drill: 40  Tool: 3  Feed: 139  Speed: 550
X 186000  Y 110000
X 196000  Y 110000
X 206000  Y 110000
X 216000  Y 110000
X 450000  Y 158500
X 440000  Y 158500
X 440000  Y 150500
X 450000  Y 150500

Drill: 55  Tool: 4  Feed: 107  Speed: 550
X 151259  Y 323018
X 286692  Y 323018
X 286692  Y 588018
X 151259  Y 588018
X 543307  Y 587981
X 543307  Y 321981
X 678740  Y 321981
X 678740  Y 587981

Drill: 63  Tool: 5  Feed: 89  Speed: 550
X 423000  Y 655000
X 422500  Y 704000

Drill: 67.5  Tool: 6  Feed: 89  Speed: 550
X 413000  Y 645000
X 413000  Y 665000
X 412500  Y 694000
X 412500  Y 714000
X 432500  Y 714000
X 432500  Y 694000
X 433000  Y 665000
X 433000  Y 645000

Drill: 95  Tool: 7  Feed: 66  Speed: 550
X 421300  Y 140000
X 468700  Y 140000

Drill: 120  Tool: 8  Feed: 35  Speed: 794
X 378000  Y 130000
X 397000  Y 142500

Drill: 125  Tool: 9  Feed: 35  Speed: 794
X 115000  Y 190000
X 115000  Y 410000
X 115000  Y 500000
X 115000  Y 720000
X 360000  Y 720000
X 320000  Y 540000
X 320000  Y 370000
X 360000  Y 190000
X 470000  Y 190000
X 510000  Y 370000
X 510000  Y 540000
X 470000  Y 720000
X 715000  Y 720000
X 715000  Y 500000
X 715000  Y 410000
X 715000  Y 190000

Drill: 140  Tool: 10  Feed: 35  Speed: 900
X 378000  Y 154500

End of Listing
